<?xml version="1.0" encoding="UTF-8"?>
<testsuite xmlns:xsi="http://www.w3.org/2001/XMLSchema-instance" xsi:noNamespaceSchemaLocation="https://maven.apache.org/surefire/maven-surefire-plugin/xsd/surefire-test-report.xsd" version="3.0.1" name="com.example.AddResultTest" time="0.097" tests="8" errors="0" skipped="0" failures="0">
  <properties>
[...]
</properties>
  <testcase name="testAddStudent" classname="com.example.AddResultTest" time="0.035"/>
  <testcase name="testMarksArePositive" classname="com.example.AddResultTest" time="0.001"/>
  <testcase name="testRepeatedAdd" classname="com.example.AddResultTest" time="0.005"/>
  <testcase name="testRepeatedAdd" classname="com.example.AddResultTest" time="0.002"/>
  <testcase name="testRepeatedAdd" classname="com.example.AddResultTest" time="0.002"/>
  <testcase name="testMarksNotNegative" classname="com.example.AddResultTest" time="0.002"/>
  <testcase name="testMarksNotEqual" classname="com.example.AddResultTest" time="0.002"/>
  <testcase name="testAddMultipleStudents" classname="com.example.AddResultTest" time="0.001"/>
</testsuite>