<?xml version="1.0" encoding="UTF-8"?>
<testsuite xmlns:xsi="http://www.w3.org/2001/XMLSchema-instance" xsi:noNamespaceSchemaLocation="https://maven.apache.org/surefire/maven-surefire-plugin/xsd/surefire-test-report.xsd" version="3.0.1" name="com.example.DeleteResultTest" time="0.022" tests="2" errors="0" skipped="0" failures="0">
  <properties>
[...]
</properties>
  <testcase name="testDeleteNotFound" classname="com.example.DeleteResultTest" time="0.016">
    <system-out><![CDATA[LIST SIZE BEFORE DELETE = 2
NOT FOUND
]]></system-out>
  </testcase>
  <testcase name="testDeleteExisting" classname="com.example.DeleteResultTest" time="0.002">
    <system-out><![CDATA[LIST SIZE BEFORE DELETE = 2
DELETED
]]></system-out>
  </testcase>
</testsuite>